<?xml version="1.0" encoding="UTF-8"?>
<testsuite xmlns:xsi="http://www.w3.org/2001/XMLSchema-instance" xsi:noNamespaceSchemaLocation="https://maven.apache.org/surefire/maven-surefire-plugin/xsd/surefire-test-report-3.0.xsd" version="3.0" name="User Domain Tests" time="0.013" tests="11" errors="0" skipped="0" failures="0">
  <properties>
[...]
</properties>
  <testcase name="Should initialize enrollments as empty list" classname="User Domain Tests" time="0.001"/>
  <testcase name="Should create user with parameterized constructor" classname="User Domain Tests" time="0.001"/>
  <testcase name="Should have correct toString representation" classname="User Domain Tests" time="0.004"/>
  <testcase name="Should set and get name" classname="User Domain Tests" time="0.001"/>
  <testcase name="Should set and get role" classname="User Domain Tests" time="0.001"/>
  <testcase name="Should set and get enrollments list" classname="User Domain Tests" time="0.0"/>
  <testcase name="Should set and get email" classname="User Domain Tests" time="0.0"/>
  <testcase name="Should set and get id" classname="User Domain Tests" time="0.001"/>
  <testcase name="Should allow null values on setters" classname="User Domain Tests" time="0.001"/>
  <testcase name="Should set and get password" classname="User Domain Tests" time="0.0"/>
  <testcase name="Should create user with default constructor" classname="User Domain Tests" time="0.0"/>
</testsuite>